app/build/intermediates/manifest_merge_blame_file/release/processReleaseMainManifest/manifest-merger-blame-release-report.txt
1<?xml version="1.0" encoding="utf-8"?>
2<manifest xmlns:android="http://schemas.android.com/apk/res/android"
3    package="com.trajets.galsync2"
4    android:versionCode="2"
5    android:versionName="1.0.1" >
6
7    <uses-sdk
8        android:minSdkVersion="26"
9        android:targetSdkVersion="35" />
10
11    <uses-permission android:name="android.permission.INTERNET" />
11-->src\main\AndroidManifest.xml:5:5-67
11-->src\main\AndroidManifest.xml:5:22-64
12    <uses-permission android:name="android.permission.ACCESS_NETWORK_STATE" />
12-->src\main\AndroidManifest.xml:6:5-79
12-->src\main\AndroidManifest.xml:6:22-76
13    <uses-permission android:name="android.permission.READ_CONTACTS" />
13-->src\main\AndroidManifest.xml:7:5-72
13-->src\main\AndroidManifest.xml:7:22-69
14    <uses-permission android:name="android.permission.WRITE_CONTACTS" />
14-->src\main\AndroidManifest.xml:8:5-73
14-->src\main\AndroidManifest.xml:8:22-70
15    <uses-permission android:name="android.permission.GET_ACCOUNTS" />
15-->src\main\AndroidManifest.xml:9:5-71
15-->src\main\AndroidManifest.xml:9:22-68
16    <uses-permission android:name="android.permission.AUTHENTICATE_ACCOUNTS" />
16-->src\main\AndroidManifest.xml:10:5-80
16-->src\main\AndroidManifest.xml:10:22-77
17    <uses-permission android:name="android.permission.MANAGE_ACCOUNTS" />
17-->src\main\AndroidManifest.xml:11:5-74
17-->src\main\AndroidManifest.xml:11:22-71
18    <uses-permission android:name="android.permission.USE_CREDENTIALS" />
18-->src\main\AndroidManifest.xml:12:5-74
18-->src\main\AndroidManifest.xml:12:22-71
19    <uses-permission android:name="android.permission.READ_SYNC_SETTINGS" />
19-->src\main\AndroidManifest.xml:13:5-77
19-->src\main\AndroidManifest.xml:13:22-74
20    <uses-permission android:name="android.permission.WRITE_SYNC_SETTINGS" />
20-->src\main\AndroidManifest.xml:14:5-78
20-->src\main\AndroidManifest.xml:14:22-75
21
22    <!--
23     Required for API Level 30 to make sure we can detect browsers and other apps we want to
24     be able to talk to.
25    -->
26    <!-- https://developer.android.com/training/basics/intents/package-visibility-use-cases -->
27    <queries>
27-->[com.microsoft.identity:common:23.0.2] AndroidManifest.xml:17:5-41:15
28        <package android:name="com.azure.authenticator" />
28-->[com.microsoft.identity:common:23.0.2] AndroidManifest.xml:18:9-59
28-->[com.microsoft.identity:common:23.0.2] AndroidManifest.xml:18:18-56
29        <package android:name="com.microsoft.identity.testuserapp" />
29-->[com.microsoft.identity:common:23.0.2] AndroidManifest.xml:19:9-70
29-->[com.microsoft.identity:common:23.0.2] AndroidManifest.xml:19:18-67
30        <package android:name="com.microsoft.windowsintune.companyportal" />
30-->[com.microsoft.identity:common:23.0.2] AndroidManifest.xml:20:9-77
30-->[com.microsoft.identity:common:23.0.2] AndroidManifest.xml:20:18-74
31        <package android:name="com.microsoft.mockauthapp" />
31-->[com.microsoft.identity:common:23.0.2] AndroidManifest.xml:21:9-61
31-->[com.microsoft.identity:common:23.0.2] AndroidManifest.xml:21:18-58
32        <package android:name="com.microsoft.mockcp" />
32-->[com.microsoft.identity:common:23.0.2] AndroidManifest.xml:22:9-56
32-->[com.microsoft.identity:common:23.0.2] AndroidManifest.xml:22:18-53
33        <package android:name="com.microsoft.mockltw" />
33-->[com.microsoft.identity:common:23.0.2] AndroidManifest.xml:23:9-57
33-->[com.microsoft.identity:common:23.0.2] AndroidManifest.xml:23:18-54
34        <package android:name="com.microsoft.appmanager" />
34-->[com.microsoft.identity:common:23.0.2] AndroidManifest.xml:24:9-60
34-->[com.microsoft.identity:common:23.0.2] AndroidManifest.xml:24:18-57
35        <!--
36        Required for API Level 30 to make sure we can detect browsers
37        (that don't support custom tabs)
38        -->
39        <intent>
39-->[com.microsoft.identity:common:23.0.2] AndroidManifest.xml:29:9-35:18
40            <action android:name="android.intent.action.VIEW" />
40-->src\main\AndroidManifest.xml:37:17-69
40-->src\main\AndroidManifest.xml:37:25-66
41
42            <category android:name="android.intent.category.BROWSABLE" />
42-->src\main\AndroidManifest.xml:39:17-78
42-->src\main\AndroidManifest.xml:39:27-75
43
44            <data android:scheme="https" />
44-->src\main\AndroidManifest.xml:40:17-43:47
44-->src\main\AndroidManifest.xml:43:21-44
45        </intent>
46        <!-- Required for API Level 30 to make sure we can detect browsers that support custom tabs -->
47        <!-- https://developers.google.com/web/updates/2020/07/custom-tabs-android-11#detecting_browsers_that_support_custom_tabs -->
48        <intent>
48-->[com.microsoft.identity:common:23.0.2] AndroidManifest.xml:38:9-40:18
49            <action android:name="android.support.customtabs.action.CustomTabsService" />
49-->[com.microsoft.identity:common:23.0.2] AndroidManifest.xml:39:13-90
49-->[com.microsoft.identity:common:23.0.2] AndroidManifest.xml:39:21-87
50        </intent>
51    </queries>
52
53    <uses-permission android:name="android.permission.WAKE_LOCK" />
53-->[androidx.work:work-runtime:2.9.1] AndroidManifest.xml:23:5-68
53-->[androidx.work:work-runtime:2.9.1] AndroidManifest.xml:23:22-65
54    <uses-permission android:name="android.permission.RECEIVE_BOOT_COMPLETED" />
54-->[androidx.work:work-runtime:2.9.1] AndroidManifest.xml:25:5-81
54-->[androidx.work:work-runtime:2.9.1] AndroidManifest.xml:25:22-78
55    <uses-permission android:name="android.permission.FOREGROUND_SERVICE" />
55-->[androidx.work:work-runtime:2.9.1] AndroidManifest.xml:26:5-77
55-->[androidx.work:work-runtime:2.9.1] AndroidManifest.xml:26:22-74
56
57    <permission
57-->[androidx.core:core:1.15.0] AndroidManifest.xml:22:5-24:47
58        android:name="com.trajets.galsync2.DYNAMIC_RECEIVER_NOT_EXPORTED_PERMISSION"
58-->[androidx.core:core:1.15.0] AndroidManifest.xml:23:9-81
59        android:protectionLevel="signature" />
59-->[androidx.core:core:1.15.0] AndroidManifest.xml:24:9-44
60
61    <uses-permission android:name="com.trajets.galsync2.DYNAMIC_RECEIVER_NOT_EXPORTED_PERMISSION" />
61-->[androidx.core:core:1.15.0] AndroidManifest.xml:26:5-97
61-->[androidx.core:core:1.15.0] AndroidManifest.xml:26:22-94
62    <uses-permission android:name="android.permission.NFC" />
62-->[com.yubico.yubikit:android:2.5.0] AndroidManifest.xml:7:5-62
62-->[com.yubico.yubikit:android:2.5.0] AndroidManifest.xml:7:22-59
63
64    <uses-feature
64-->[com.yubico.yubikit:android:2.5.0] AndroidManifest.xml:9:5-11:36
65        android:name="android.hardware.usb.host"
65-->[com.yubico.yubikit:android:2.5.0] AndroidManifest.xml:10:9-49
66        android:required="false" />
66-->[com.yubico.yubikit:android:2.5.0] AndroidManifest.xml:11:9-33
67    <uses-feature
67-->[com.yubico.yubikit:android:2.5.0] AndroidManifest.xml:12:5-14:36
68        android:name="android.hardware.nfc"
68-->[com.yubico.yubikit:android:2.5.0] AndroidManifest.xml:13:9-44
69        android:required="false" />
69-->[com.yubico.yubikit:android:2.5.0] AndroidManifest.xml:14:9-33
70
71    <application
71-->src\main\AndroidManifest.xml:16:5-71:19
72        android:allowBackup="true"
72-->src\main\AndroidManifest.xml:17:9-35
73        android:appComponentFactory="androidx.core.app.CoreComponentFactory"
73-->[androidx.core:core:1.15.0] AndroidManifest.xml:28:18-86
74        android:extractNativeLibs="false"
75        android:icon="@mipmap/ic_launcher"
75-->src\main\AndroidManifest.xml:18:9-43
76        android:label="@string/app_name"
76-->src\main\AndroidManifest.xml:19:9-41
77        android:roundIcon="@mipmap/ic_launcher_round"
77-->src\main\AndroidManifest.xml:20:9-54
78        android:supportsRtl="true"
78-->src\main\AndroidManifest.xml:21:9-35
79        android:theme="@style/Theme.GalSync" >
79-->src\main\AndroidManifest.xml:22:9-45
80        <activity
80-->src\main\AndroidManifest.xml:25:9-32:20
81            android:name="com.trajets.galsync.MainActivity"
81-->src\main\AndroidManifest.xml:26:13-41
82            android:exported="true" >
82-->src\main\AndroidManifest.xml:27:13-36
83            <intent-filter>
83-->src\main\AndroidManifest.xml:28:13-31:29
84                <action android:name="android.intent.action.MAIN" />
84-->src\main\AndroidManifest.xml:29:17-69
84-->src\main\AndroidManifest.xml:29:25-66
85
86                <category android:name="android.intent.category.LAUNCHER" />
86-->src\main\AndroidManifest.xml:30:17-77
86-->src\main\AndroidManifest.xml:30:27-74
87            </intent-filter>
88        </activity>
89        <activity
89-->src\main\AndroidManifest.xml:34:9-45:20
90            android:name="com.microsoft.identity.client.BrowserTabActivity"
90-->src\main\AndroidManifest.xml:34:19-82
91            android:configChanges="orientation|keyboardHidden|screenSize|smallestScreenSize|screenLayout"
91-->[com.microsoft.identity.client:msal:8.0.2] AndroidManifest.xml:33:13-106
92            android:exported="true" >
92-->src\main\AndroidManifest.xml:35:13-36
93            <intent-filter>
93-->src\main\AndroidManifest.xml:36:13-44:29
94                <action android:name="android.intent.action.VIEW" />
94-->src\main\AndroidManifest.xml:37:17-69
94-->src\main\AndroidManifest.xml:37:25-66
95
96                <category android:name="android.intent.category.DEFAULT" />
96-->src\main\AndroidManifest.xml:38:17-76
96-->src\main\AndroidManifest.xml:38:27-73
97                <category android:name="android.intent.category.BROWSABLE" />
97-->src\main\AndroidManifest.xml:39:17-78
97-->src\main\AndroidManifest.xml:39:27-75
98
99                <data
99-->src\main\AndroidManifest.xml:40:17-43:47
100                    android:host="com.trajets.galsync"
100-->src\main\AndroidManifest.xml:41:21-55
101                    android:path="/LB/rljQKsdgZjjwJG1HL0VwoNhU="
101-->src\main\AndroidManifest.xml:42:21-65
102                    android:scheme="msauth" />
102-->src\main\AndroidManifest.xml:43:21-44
103            </intent-filter>
104        </activity>
105
106        <!-- Authenticator Service -->
107        <service
107-->src\main\AndroidManifest.xml:48:9-57:19
108            android:name="com.trajets.galsync.authenticator.AuthenticatorService"
108-->src\main\AndroidManifest.xml:49:13-63
109            android:exported="true" >
109-->src\main\AndroidManifest.xml:50:13-36
110            <intent-filter>
110-->src\main\AndroidManifest.xml:51:13-53:29
111                <action android:name="android.accounts.AccountAuthenticator" />
111-->src\main\AndroidManifest.xml:52:17-80
111-->src\main\AndroidManifest.xml:52:25-77
112            </intent-filter>
113
114            <meta-data
114-->src\main\AndroidManifest.xml:54:13-56:57
115                android:name="android.accounts.AccountAuthenticator"
115-->src\main\AndroidManifest.xml:55:17-69
116                android:resource="@xml/authenticator" />
116-->src\main\AndroidManifest.xml:56:17-54
117        </service>
118
119        <!-- Sync Service -->
120        <service
120-->src\main\AndroidManifest.xml:60:9-69:19
121            android:name="com.trajets.galsync.authenticator.SyncService"
121-->src\main\AndroidManifest.xml:61:13-54
122            android:exported="true" >
122-->src\main\AndroidManifest.xml:62:13-36
123            <intent-filter>
123-->src\main\AndroidManifest.xml:63:13-65:29
124                <action android:name="android.content.SyncAdapter" />
124-->src\main\AndroidManifest.xml:64:17-70
124-->src\main\AndroidManifest.xml:64:25-67
125            </intent-filter>
126
127            <meta-data
127-->src\main\AndroidManifest.xml:66:13-68:55
128                android:name="android.content.SyncAdapter"
128-->src\main\AndroidManifest.xml:67:17-59
129                android:resource="@xml/syncadapter" />
129-->src\main\AndroidManifest.xml:68:17-52
130        </service>
131
132        <!-- MSAL activity that will be used to process all the auth related logic -->
133        <activity
133-->[com.microsoft.identity.client:msal:8.0.2] AndroidManifest.xml:13:9-17:47
134            android:name="com.microsoft.identity.common.internal.providers.oauth2.AuthorizationActivity"
134-->[com.microsoft.identity.client:msal:8.0.2] AndroidManifest.xml:14:13-105
135            android:configChanges="orientation|keyboardHidden|screenSize|smallestScreenSize|screenLayout|keyboard"
135-->[com.microsoft.identity.client:msal:8.0.2] AndroidManifest.xml:15:13-115
136            android:exported="false"
136-->[com.microsoft.identity.client:msal:8.0.2] AndroidManifest.xml:16:13-37
137            android:launchMode="singleTask" />
137-->[com.microsoft.identity.client:msal:8.0.2] AndroidManifest.xml:17:13-44
138        <activity
138-->[com.microsoft.identity.client:msal:8.0.2] AndroidManifest.xml:18:9-22:45
139            android:name="com.microsoft.identity.common.internal.providers.oauth2.CurrentTaskAuthorizationActivity"
139-->[com.microsoft.identity.client:msal:8.0.2] AndroidManifest.xml:19:13-116
140            android:configChanges="orientation|keyboardHidden|screenSize|smallestScreenSize|screenLayout|keyboard"
140-->[com.microsoft.identity.client:msal:8.0.2] AndroidManifest.xml:20:13-115
141            android:exported="false"
141-->[com.microsoft.identity.client:msal:8.0.2] AndroidManifest.xml:21:13-37
142            android:launchMode="standard" /> <!-- Helper activity for displaying current broker redirect URI configuration -->
142-->[com.microsoft.identity.client:msal:8.0.2] AndroidManifest.xml:22:13-42
143        <activity
143-->[com.microsoft.identity.client:msal:8.0.2] AndroidManifest.xml:25:9-28:45
144            android:name="com.microsoft.identity.client.helper.BrokerHelperActivity"
144-->[com.microsoft.identity.client:msal:8.0.2] AndroidManifest.xml:26:13-85
145            android:exported="false"
145-->[com.microsoft.identity.client:msal:8.0.2] AndroidManifest.xml:27:13-37
146            android:launchMode="standard" />
146-->[com.microsoft.identity.client:msal:8.0.2] AndroidManifest.xml:28:13-42
147        <activity
147-->[com.microsoft.identity.client:msal:8.0.2] AndroidManifest.xml:35:9-37:39
148            android:name="com.microsoft.identity.client.CurrentTaskBrowserTabActivity"
148-->[com.microsoft.identity.client:msal:8.0.2] AndroidManifest.xml:36:13-87
149            android:exported="true" />
149-->[com.microsoft.identity.client:msal:8.0.2] AndroidManifest.xml:37:13-36
150        <activity
150-->[com.microsoft.identity:common:23.0.2] AndroidManifest.xml:49:9-52:63
151            android:name="com.microsoft.identity.common.internal.providers.oauth2.SilentAuthorizationActivity"
151-->[com.microsoft.identity:common:23.0.2] AndroidManifest.xml:50:13-111
152            android:configChanges="orientation|keyboardHidden|screenSize|smallestScreenSize|screenLayout|keyboard"
152-->[com.microsoft.identity:common:23.0.2] AndroidManifest.xml:51:13-115
153            android:theme="@style/TransparentActivityTheme" /> <!-- Activity to invoke an interactive request to the intent passed by ad-accounts(Broker) -->
153-->[com.microsoft.identity:common:23.0.2] AndroidManifest.xml:52:13-60
154        <activity
154-->[com.microsoft.identity:common:23.0.2] AndroidManifest.xml:58:9-60:99
155            android:name="com.microsoft.identity.common.internal.broker.BrokerActivity"
155-->[com.microsoft.identity:common:23.0.2] AndroidManifest.xml:59:13-88
156            android:configChanges="orientation|keyboardHidden|screenSize|screenLayout|keyboard" /> <!-- Activity to launch a install WPJ certificate activity and get the result -->
156-->[com.microsoft.identity:common:23.0.2] AndroidManifest.xml:60:13-96
157        <activity
157-->[com.microsoft.identity:common:23.0.2] AndroidManifest.xml:62:9-65:60
158            android:name="com.microsoft.identity.common.internal.broker.InstallCertActivityLauncher"
158-->[com.microsoft.identity:common:23.0.2] AndroidManifest.xml:63:13-101
159            android:configChanges="orientation|keyboardHidden|screenSize|screenLayout|keyboard"
159-->[com.microsoft.identity:common:23.0.2] AndroidManifest.xml:64:13-96
160            android:theme="@style/Theme.AppCompat.Light" />
160-->[com.microsoft.identity:common:23.0.2] AndroidManifest.xml:65:13-57
161
162        <service
162-->[androidx.credentials:credentials-play-services-auth:1.2.2] AndroidManifest.xml:24:9-32:19
163            android:name="androidx.credentials.playservices.CredentialProviderMetadataHolder"
163-->[androidx.credentials:credentials-play-services-auth:1.2.2] AndroidManifest.xml:25:13-94
164            android:enabled="true"
164-->[androidx.credentials:credentials-play-services-auth:1.2.2] AndroidManifest.xml:26:13-35
165            android:exported="false" >
165-->[androidx.credentials:credentials-play-services-auth:1.2.2] AndroidManifest.xml:27:13-37
166            <meta-data
166-->[androidx.credentials:credentials-play-services-auth:1.2.2] AndroidManifest.xml:29:13-31:104
167                android:name="androidx.credentials.CREDENTIAL_PROVIDER_KEY"
167-->[androidx.credentials:credentials-play-services-auth:1.2.2] AndroidManifest.xml:30:17-76
168                android:value="androidx.credentials.playservices.CredentialProviderPlayServicesImpl" />
168-->[androidx.credentials:credentials-play-services-auth:1.2.2] AndroidManifest.xml:31:17-101
169        </service>
170
171        <activity
171-->[androidx.credentials:credentials-play-services-auth:1.2.2] AndroidManifest.xml:34:9-41:20
172            android:name="androidx.credentials.playservices.HiddenActivity"
172-->[androidx.credentials:credentials-play-services-auth:1.2.2] AndroidManifest.xml:35:13-76
173            android:configChanges="orientation|screenSize|screenLayout|keyboardHidden"
173-->[androidx.credentials:credentials-play-services-auth:1.2.2] AndroidManifest.xml:36:13-87
174            android:enabled="true"
174-->[androidx.credentials:credentials-play-services-auth:1.2.2] AndroidManifest.xml:37:13-35
175            android:exported="false"
175-->[androidx.credentials:credentials-play-services-auth:1.2.2] AndroidManifest.xml:38:13-37
176            android:fitsSystemWindows="true"
176-->[androidx.credentials:credentials-play-services-auth:1.2.2] AndroidManifest.xml:39:13-45
177            android:theme="@style/Theme.Hidden" >
177-->[androidx.credentials:credentials-play-services-auth:1.2.2] AndroidManifest.xml:40:13-48
178        </activity>
179        <activity
179-->[com.google.android.gms:play-services-auth:20.7.0] AndroidManifest.xml:23:9-27:75
180            android:name="com.google.android.gms.auth.api.signin.internal.SignInHubActivity"
180-->[com.google.android.gms:play-services-auth:20.7.0] AndroidManifest.xml:24:13-93
181            android:excludeFromRecents="true"
181-->[com.google.android.gms:play-services-auth:20.7.0] AndroidManifest.xml:25:13-46
182            android:exported="false"
182-->[com.google.android.gms:play-services-auth:20.7.0] AndroidManifest.xml:26:13-37
183            android:theme="@android:style/Theme.Translucent.NoTitleBar" />
183-->[com.google.android.gms:play-services-auth:20.7.0] AndroidManifest.xml:27:13-72
184        <!--
185            Service handling Google Sign-In user revocation. For apps that do not integrate with
186            Google Sign-In, this service will never be started.
187        -->
188        <service
188-->[com.google.android.gms:play-services-auth:20.7.0] AndroidManifest.xml:33:9-37:51
189            android:name="com.google.android.gms.auth.api.signin.RevocationBoundService"
189-->[com.google.android.gms:play-services-auth:20.7.0] AndroidManifest.xml:34:13-89
190            android:exported="true"
190-->[com.google.android.gms:play-services-auth:20.7.0] AndroidManifest.xml:35:13-36
191            android:permission="com.google.android.gms.auth.api.signin.permission.REVOCATION_NOTIFICATION"
191-->[com.google.android.gms:play-services-auth:20.7.0] AndroidManifest.xml:36:13-107
192            android:visibleToInstantApps="true" />
192-->[com.google.android.gms:play-services-auth:20.7.0] AndroidManifest.xml:37:13-48
193
194        <activity
194-->[com.google.android.gms:play-services-base:18.0.1] AndroidManifest.xml:20:9-22:45
195            android:name="com.google.android.gms.common.api.GoogleApiActivity"
195-->[com.google.android.gms:play-services-base:18.0.1] AndroidManifest.xml:20:19-85
196            android:exported="false"
196-->[com.google.android.gms:play-services-base:18.0.1] AndroidManifest.xml:22:19-43
197            android:theme="@android:style/Theme.Translucent.NoTitleBar" />
197-->[com.google.android.gms:play-services-base:18.0.1] AndroidManifest.xml:21:19-78
198
199        <meta-data
199-->[com.google.android.gms:play-services-basement:18.2.0] AndroidManifest.xml:21:9-23:69
200            android:name="com.google.android.gms.version"
200-->[com.google.android.gms:play-services-basement:18.2.0] AndroidManifest.xml:22:13-58
201            android:value="@integer/google_play_services_version" />
201-->[com.google.android.gms:play-services-basement:18.2.0] AndroidManifest.xml:23:13-66
202
203        <provider
203-->[androidx.work:work-runtime:2.9.1] AndroidManifest.xml:29:9-37:20
204            android:name="androidx.startup.InitializationProvider"
204-->[androidx.work:work-runtime:2.9.1] AndroidManifest.xml:30:13-67
205            android:authorities="com.trajets.galsync2.androidx-startup"
205-->[androidx.work:work-runtime:2.9.1] AndroidManifest.xml:31:13-68
206            android:exported="false" >
206-->[androidx.work:work-runtime:2.9.1] AndroidManifest.xml:32:13-37
207            <meta-data
207-->[androidx.work:work-runtime:2.9.1] AndroidManifest.xml:34:13-36:52
208                android:name="androidx.work.WorkManagerInitializer"
208-->[androidx.work:work-runtime:2.9.1] AndroidManifest.xml:35:17-68
209                android:value="androidx.startup" />
209-->[androidx.work:work-runtime:2.9.1] AndroidManifest.xml:36:17-49
210            <meta-data
210-->[androidx.emoji2:emoji2:1.3.0] AndroidManifest.xml:29:13-31:52
211                android:name="androidx.emoji2.text.EmojiCompatInitializer"
211-->[androidx.emoji2:emoji2:1.3.0] AndroidManifest.xml:30:17-75
212                android:value="androidx.startup" />
212-->[androidx.emoji2:emoji2:1.3.0] AndroidManifest.xml:31:17-49
213            <meta-data
213-->[androidx.lifecycle:lifecycle-process:2.8.7] AndroidManifest.xml:29:13-31:52
214                android:name="androidx.lifecycle.ProcessLifecycleInitializer"
214-->[androidx.lifecycle:lifecycle-process:2.8.7] AndroidManifest.xml:30:17-78
215                android:value="androidx.startup" />
215-->[androidx.lifecycle:lifecycle-process:2.8.7] AndroidManifest.xml:31:17-49
216            <meta-data
216-->[androidx.profileinstaller:profileinstaller:1.3.1] AndroidManifest.xml:29:13-31:52
217                android:name="androidx.profileinstaller.ProfileInstallerInitializer"
217-->[androidx.profileinstaller:profileinstaller:1.3.1] AndroidManifest.xml:30:17-85
218                android:value="androidx.startup" />
218-->[androidx.profileinstaller:profileinstaller:1.3.1] AndroidManifest.xml:31:17-49
219        </provider>
220
221        <service
221-->[androidx.work:work-runtime:2.9.1] AndroidManifest.xml:39:9-45:35
222            android:name="androidx.work.impl.background.systemalarm.SystemAlarmService"
222-->[androidx.work:work-runtime:2.9.1] AndroidManifest.xml:40:13-88
223            android:directBootAware="false"
223-->[androidx.work:work-runtime:2.9.1] AndroidManifest.xml:41:13-44
224            android:enabled="@bool/enable_system_alarm_service_default"
224-->[androidx.work:work-runtime:2.9.1] AndroidManifest.xml:42:13-72
225            android:exported="false" />
225-->[androidx.work:work-runtime:2.9.1] AndroidManifest.xml:43:13-37
226        <service
226-->[androidx.work:work-runtime:2.9.1] AndroidManifest.xml:46:9-52:35
227            android:name="androidx.work.impl.background.systemjob.SystemJobService"
227-->[androidx.work:work-runtime:2.9.1] AndroidManifest.xml:47:13-84
228            android:directBootAware="false"
228-->[androidx.work:work-runtime:2.9.1] AndroidManifest.xml:48:13-44
229            android:enabled="@bool/enable_system_job_service_default"
229-->[androidx.work:work-runtime:2.9.1] AndroidManifest.xml:49:13-70
230            android:exported="true"
230-->[androidx.work:work-runtime:2.9.1] AndroidManifest.xml:50:13-36
231            android:permission="android.permission.BIND_JOB_SERVICE" />
231-->[androidx.work:work-runtime:2.9.1] AndroidManifest.xml:51:13-69
232        <service
232-->[androidx.work:work-runtime:2.9.1] AndroidManifest.xml:53:9-59:35
233            android:name="androidx.work.impl.foreground.SystemForegroundService"
233-->[androidx.work:work-runtime:2.9.1] AndroidManifest.xml:54:13-81
234            android:directBootAware="false"
234-->[androidx.work:work-runtime:2.9.1] AndroidManifest.xml:55:13-44
235            android:enabled="@bool/enable_system_foreground_service_default"
235-->[androidx.work:work-runtime:2.9.1] AndroidManifest.xml:56:13-77
236            android:exported="false" />
236-->[androidx.work:work-runtime:2.9.1] AndroidManifest.xml:57:13-37
237
238        <receiver
238-->[androidx.work:work-runtime:2.9.1] AndroidManifest.xml:61:9-66:35
239            android:name="androidx.work.impl.utils.ForceStopRunnable$BroadcastReceiver"
239-->[androidx.work:work-runtime:2.9.1] AndroidManifest.xml:62:13-88
240            android:directBootAware="false"
240-->[androidx.work:work-runtime:2.9.1] AndroidManifest.xml:63:13-44
241            android:enabled="true"
241-->[androidx.work:work-runtime:2.9.1] AndroidManifest.xml:64:13-35
242            android:exported="false" />
242-->[androidx.work:work-runtime:2.9.1] AndroidManifest.xml:65:13-37
243        <receiver
243-->[androidx.work:work-runtime:2.9.1] AndroidManifest.xml:67:9-77:20
244            android:name="androidx.work.impl.background.systemalarm.ConstraintProxy$BatteryChargingProxy"
244-->[androidx.work:work-runtime:2.9.1] AndroidManifest.xml:68:13-106
245            android:directBootAware="false"
245-->[androidx.work:work-runtime:2.9.1] AndroidManifest.xml:69:13-44
246            android:enabled="false"
246-->[androidx.work:work-runtime:2.9.1] AndroidManifest.xml:70:13-36
247            android:exported="false" >
247-->[androidx.work:work-runtime:2.9.1] AndroidManifest.xml:71:13-37
248            <intent-filter>
248-->[androidx.work:work-runtime:2.9.1] AndroidManifest.xml:73:13-76:29
249                <action android:name="android.intent.action.ACTION_POWER_CONNECTED" />
249-->[androidx.work:work-runtime:2.9.1] AndroidManifest.xml:74:17-87
249-->[androidx.work:work-runtime:2.9.1] AndroidManifest.xml:74:25-84
250                <action android:name="android.intent.action.ACTION_POWER_DISCONNECTED" />
250-->[androidx.work:work-runtime:2.9.1] AndroidManifest.xml:75:17-90
250-->[androidx.work:work-runtime:2.9.1] AndroidManifest.xml:75:25-87
251            </intent-filter>
252        </receiver>
253        <receiver
253-->[androidx.work:work-runtime:2.9.1] AndroidManifest.xml:78:9-88:20
254            android:name="androidx.work.impl.background.systemalarm.ConstraintProxy$BatteryNotLowProxy"
254-->[androidx.work:work-runtime:2.9.1] AndroidManifest.xml:79:13-104
255            android:directBootAware="false"
255-->[androidx.work:work-runtime:2.9.1] AndroidManifest.xml:80:13-44
256            android:enabled="false"
256-->[androidx.work:work-runtime:2.9.1] AndroidManifest.xml:81:13-36
257            android:exported="false" >
257-->[androidx.work:work-runtime:2.9.1] AndroidManifest.xml:82:13-37
258            <intent-filter>
258-->[androidx.work:work-runtime:2.9.1] AndroidManifest.xml:84:13-87:29
259                <action android:name="android.intent.action.BATTERY_OKAY" />
259-->[androidx.work:work-runtime:2.9.1] AndroidManifest.xml:85:17-77
259-->[androidx.work:work-runtime:2.9.1] AndroidManifest.xml:85:25-74
260                <action android:name="android.intent.action.BATTERY_LOW" />
260-->[androidx.work:work-runtime:2.9.1] AndroidManifest.xml:86:17-76
260-->[androidx.work:work-runtime:2.9.1] AndroidManifest.xml:86:25-73
261            </intent-filter>
262        </receiver>
263        <receiver
263-->[androidx.work:work-runtime:2.9.1] AndroidManifest.xml:89:9-99:20
264            android:name="androidx.work.impl.background.systemalarm.ConstraintProxy$StorageNotLowProxy"
264-->[androidx.work:work-runtime:2.9.1] AndroidManifest.xml:90:13-104
265            android:directBootAware="false"
265-->[androidx.work:work-runtime:2.9.1] AndroidManifest.xml:91:13-44
266            android:enabled="false"
266-->[androidx.work:work-runtime:2.9.1] AndroidManifest.xml:92:13-36
267            android:exported="false" >
267-->[androidx.work:work-runtime:2.9.1] AndroidManifest.xml:93:13-37
268            <intent-filter>
268-->[androidx.work:work-runtime:2.9.1] AndroidManifest.xml:95:13-98:29
269                <action android:name="android.intent.action.DEVICE_STORAGE_LOW" />
269-->[androidx.work:work-runtime:2.9.1] AndroidManifest.xml:96:17-83
269-->[androidx.work:work-runtime:2.9.1] AndroidManifest.xml:96:25-80
270                <action android:name="android.intent.action.DEVICE_STORAGE_OK" />
270-->[androidx.work:work-runtime:2.9.1] AndroidManifest.xml:97:17-82
270-->[androidx.work:work-runtime:2.9.1] AndroidManifest.xml:97:25-79
271            </intent-filter>
272        </receiver>
273        <receiver
273-->[androidx.work:work-runtime:2.9.1] AndroidManifest.xml:100:9-109:20
274            android:name="androidx.work.impl.background.systemalarm.ConstraintProxy$NetworkStateProxy"
274-->[androidx.work:work-runtime:2.9.1] AndroidManifest.xml:101:13-103
275            android:directBootAware="false"
275-->[androidx.work:work-runtime:2.9.1] AndroidManifest.xml:102:13-44
276            android:enabled="false"
276-->[androidx.work:work-runtime:2.9.1] AndroidManifest.xml:103:13-36
277            android:exported="false" >